<?xml version="1.0" encoding="UTF-8"?>
<testng-results ignored="0" total="1" passed="1" failed="0" skipped="0">
  <reporter-output>
  </reporter-output>
  <suite started-at="2025-06-02T22:53:12 IST" name="MasterSuite" finished-at="2025-06-02T22:53:41 IST" duration-ms="29223">
    <groups>
    </groups>
    <test started-at="2025-06-02T22:53:12 IST" name="test" finished-at="2025-06-02T22:53:41 IST" duration-ms="29223">
      <class name="testCases.TC006_CheckoutTest">
        <test-method is-config="true" signature="setup(java.lang.String,java.lang.String)[pri:0, instance:testCases.TC006_CheckoutTest@2a5c8d3f]" started-at="2025-06-02T22:53:13 IST" name="setup" finished-at="2025-06-02T22:53:19 IST" duration-ms="6491" status="PASS">
          <params>
            <param index="0">
              <value>
                <![CDATA[windows]]>
              </value>
            </param>
            <param index="1">
              <value>
                <![CDATA[chrome]]>
              </value>
            </param>
          </params>
          <reporter-output>
          </reporter-output>
        </test-method> <!-- setup -->
        <test-method signature="verifyCheckout()[pri:0, instance:testCases.TC006_CheckoutTest@2a5c8d3f]" started-at="2025-06-02T22:53:19 IST" name="verifyCheckout" finished-at="2025-06-02T22:53:41 IST" duration-ms="21672" status="PASS">
          <reporter-output>
          </reporter-output>
        </test-method> <!-- verifyCheckout -->
        <test-method is-config="true" signature="tearDown()[pri:0, instance:testCases.TC006_CheckoutTest@2a5c8d3f]" started-at="2025-06-02T22:53:41 IST" name="tearDown" finished-at="2025-06-02T22:53:41 IST" duration-ms="363" status="PASS">
          <reporter-output>
          </reporter-output>
        </test-method> <!-- tearDown -->
      </class> <!-- testCases.TC006_CheckoutTest -->
    </test> <!-- test -->
  </suite> <!-- MasterSuite -->
</testng-results>
